2019-07-03 11:00:20 INFO  TestBase:21 - Initialise the super constructor
2019-07-03 11:00:57 INFO  TestBase:21 - Initialise the super constructor
2019-07-03 11:04:29 INFO  TestBase:22 - Initialise the super constructor
2019-07-03 11:27:51 INFO  TestBase:22 - Initialise the super constructor
2019-07-03 11:35:16 INFO  TestBase:22 - Initialise the super constructor
2019-07-03 12:17:49 INFO  TestBase:50 - loading config.properties
2019-07-03 12:17:49 INFO  TestBase:22 - Initialise the super constructor
2019-07-03 12:19:29 INFO  TestBase:50 - loading config.properties
2019-07-03 12:19:29 INFO  TestBase:22 - Initialise the super constructor
2019-07-03 12:23:02 INFO  TestBase:50 - loading config.properties
2019-07-03 12:23:02 INFO  TestBase:22 - Initialise the super constructor
2019-07-03 12:23:08 INFO  TestBase:50 - loading config.properties
2019-07-03 12:23:12 INFO  TestBase:50 - loading config.properties
2019-07-03 12:23:12 INFO  TestBase:36 - Verify the login page Title
2019-07-03 12:24:02 INFO  TestBase:50 - loading config.properties
2019-07-03 12:24:02 INFO  TestBase:22 - Initialise the super constructor
2019-07-03 12:24:07 INFO  TestBase:50 - loading config.properties
2019-07-03 12:24:09 INFO  TestBase:50 - loading config.properties
2019-07-03 12:24:09 INFO  TestBase:36 - Verify the login page Title
2019-07-03 12:29:15 INFO  TestBase:50 - loading config.properties
2019-07-03 12:29:15 INFO  TestBase:22 - Initialise the super constructor
2019-07-03 12:29:19 INFO  TestBase:50 - loading config.properties
2019-07-03 12:29:21 INFO  TestBase:50 - loading config.properties
2019-07-03 12:35:59 INFO  TestBase:50 - loading config.properties
2019-07-03 12:35:59 INFO  TestBase:22 - Initialise the super constructor
2019-07-03 12:37:05 INFO  TestBase:50 - loading config.properties
2019-07-03 12:37:05 INFO  TestBase:22 - Initialise the super constructor
2019-07-03 12:37:09 INFO  TestBase:50 - loading config.properties
2019-07-03 12:37:11 INFO  TestBase:50 - loading config.properties
2019-07-03 12:37:11 INFO  TestBase:44 - Verify the logo
2019-07-03 12:43:04 INFO  TestBase:50 - loading config.properties
2019-07-03 12:43:04 INFO  TestBase:22 - Initialise the super constructor
2019-07-03 12:47:15 INFO  TestBase:50 - loading config.properties
2019-07-03 12:47:15 INFO  TestBase:22 - Initialise the super constructor
2019-07-03 12:47:20 INFO  TestBase:50 - loading config.properties
2019-07-03 12:47:23 INFO  TestBase:50 - loading config.properties
2019-07-03 12:47:23 INFO  TestBase:50 - loading config.properties
2019-07-04 16:31:06 INFO  TestBase:50 - loading config.properties
2019-07-04 16:31:06 INFO  TestBase:22 - Initialise the super constructor
2019-07-04 16:31:16 INFO  TestBase:50 - loading config.properties
2019-07-04 16:31:23 INFO  TestBase:50 - loading config.properties
2019-07-04 16:31:23 INFO  TestBase:50 - loading config.properties
2019-07-04 16:32:56 INFO  TestBase:50 - loading config.properties
2019-07-04 16:32:56 INFO  TestBase:22 - Initialise the super constructor
2019-07-04 16:33:00 INFO  TestBase:50 - loading config.properties
2019-07-04 16:33:03 INFO  TestBase:50 - loading config.properties
2019-07-04 16:33:04 INFO  TestBase:50 - loading config.properties
2019-07-04 16:48:47 INFO  TestBase:50 - loading config.properties
2019-07-04 16:48:47 INFO  LoginPageTest:29 - Initialise the super constructor
2019-07-04 16:57:38 INFO  TestBase:50 - loading config.properties
2019-07-04 16:57:38 INFO  LoginPageTest:29 - Initialise the super constructor
2019-07-04 17:01:42 INFO  TestBase:50 - loading config.properties
2019-07-04 17:01:42 INFO  LoginPageTest:29 - Initialise the super constructor
2019-07-04 17:01:47 INFO  TestBase:50 - loading config.properties
2019-07-04 17:01:53 INFO  TestBase:50 - loading config.properties
2019-07-04 17:01:53 INFO  LoginPageTest:43 - Verify the login page Title
2019-07-04 17:01:59 INFO  TestBase:50 - loading config.properties
2019-07-04 17:02:02 INFO  TestBase:50 - loading config.properties
2019-07-04 17:02:03 INFO  LoginPageTest:51 - Verify the logo
2019-07-04 17:02:09 INFO  TestBase:50 - loading config.properties
2019-07-04 17:02:12 INFO  TestBase:50 - loading config.properties
2019-07-04 17:02:13 INFO  TestBase:50 - loading config.properties
2019-07-04 17:17:38 INFO  TestBase:50 - loading config.properties
2019-07-04 17:17:38 INFO  LoginPageTest:29 - Initialise the super constructor
2019-07-04 17:17:42 INFO  TestBase:50 - loading config.properties
2019-07-04 17:17:48 INFO  TestBase:50 - loading config.properties
2019-07-04 17:17:48 INFO  LoginPageTest:43 - Verify the login page Title
2019-07-04 17:17:54 INFO  TestBase:50 - loading config.properties
2019-07-04 17:17:57 INFO  TestBase:50 - loading config.properties
2019-07-04 17:17:57 INFO  LoginPageTest:51 - Verify the logo
2019-07-04 17:18:03 INFO  TestBase:50 - loading config.properties
2019-07-04 17:18:05 INFO  TestBase:50 - loading config.properties
2019-07-04 17:18:06 INFO  TestBase:50 - loading config.properties
2019-07-04 17:26:23 INFO  TestBase:50 - loading config.properties
2019-07-04 17:26:23 INFO  LoginPageTest:29 - Initialise the super constructor
2019-07-04 17:27:43 INFO  TestBase:50 - loading config.properties
2019-07-04 17:27:43 INFO  LoginPageTest:29 - Initialise the super constructor
2019-07-04 17:27:48 INFO  TestBase:50 - loading config.properties
2019-07-04 17:27:57 INFO  TestBase:50 - loading config.properties
2019-07-04 17:27:58 INFO  LoginPageTest:43 - Verify the login page Title
2019-07-04 17:28:04 INFO  TestBase:50 - loading config.properties
2019-07-04 17:28:07 INFO  TestBase:50 - loading config.properties
2019-07-04 17:28:07 INFO  LoginPageTest:51 - Verify the logo
2019-07-04 17:28:13 INFO  TestBase:50 - loading config.properties
2019-07-04 17:28:16 INFO  TestBase:50 - loading config.properties
2019-07-04 17:28:16 INFO  TestBase:50 - loading config.properties
2019-07-04 17:32:25 INFO  TestBase:50 - loading config.properties
2019-07-04 17:32:25 INFO  LoginPageTest:29 - Initialise the super constructor
2019-07-04 17:34:56 INFO  TestBase:50 - loading config.properties
2019-07-04 17:34:56 INFO  LoginPageTest:29 - Initialise the super constructor
2019-07-04 17:39:37 INFO  TestBase:50 - loading config.properties
2019-07-04 17:39:37 INFO  LoginPageTest:29 - Initialise the super constructor
2019-07-04 17:42:01 INFO  TestBase:50 - loading config.properties
2019-07-04 17:42:01 INFO  LoginPageTest:29 - Initialise the super constructor
2019-07-04 17:44:39 INFO  TestBase:50 - loading config.properties
2019-07-04 17:44:39 INFO  LoginPageTest:29 - Initialise the super constructor
2019-07-04 17:46:52 INFO  TestBase:50 - loading config.properties
2019-07-04 17:46:52 INFO  LoginPageTest:29 - Initialise the super constructor
2019-07-04 17:49:31 INFO  TestBase:50 - loading config.properties
2019-07-04 17:49:31 INFO  LoginPageTest:29 - Initialise the super constructor
2019-07-04 17:51:42 INFO  TestBase:50 - loading config.properties
2019-07-04 17:51:42 INFO  LoginPageTest:29 - Initialise the super constructor
2019-07-04 17:51:53 INFO  TestBase:50 - loading config.properties
2019-07-04 17:51:53 INFO  LoginPageTest:29 - Initialise the super constructor
2019-07-04 17:57:08 INFO  TestBase:50 - loading config.properties
2019-07-04 17:57:08 INFO  LoginPageTest:29 - Initialise the super constructor
2019-07-04 17:57:13 INFO  TestBase:50 - loading config.properties
2019-07-04 17:57:21 INFO  TestBase:50 - loading config.properties
2019-07-04 17:57:22 INFO  TestBase:50 - loading config.properties
2019-07-04 17:57:22 INFO  LoginPageTest:75 - enter invalid and valid credintials
2019-07-04 17:59:00 INFO  TestBase:50 - loading config.properties
2019-07-04 17:59:00 INFO  LoginPageTest:29 - Initialise the super constructor
2019-07-04 17:59:51 INFO  TestBase:50 - loading config.properties
2019-07-04 17:59:51 INFO  LoginPageTest:29 - Initialise the super constructor
2019-07-04 18:00:41 INFO  TestBase:50 - loading config.properties
2019-07-04 18:00:41 INFO  LoginPageTest:29 - Initialise the super constructor
2019-07-04 18:00:46 INFO  TestBase:50 - loading config.properties
2019-07-04 18:00:52 INFO  TestBase:50 - loading config.properties
2019-07-04 18:00:53 INFO  TestBase:50 - loading config.properties
2019-07-04 18:00:53 INFO  LoginPageTest:75 - enter invalid and valid credintials
2019-07-04 18:02:04 INFO  TestBase:50 - loading config.properties
2019-07-04 18:02:04 INFO  LoginPageTest:29 - Initialise the super constructor
2019-07-04 18:02:06 INFO  TestBase:50 - loading config.properties
2019-07-04 18:02:06 INFO  LoginPageTest:29 - Initialise the super constructor
2019-07-04 18:02:11 INFO  TestBase:50 - loading config.properties
2019-07-04 18:02:12 INFO  TestBase:50 - loading config.properties
2019-07-04 18:02:24 INFO  TestBase:50 - loading config.properties
2019-07-04 18:02:25 INFO  TestBase:50 - loading config.properties
2019-07-04 18:02:26 INFO  TestBase:50 - loading config.properties
2019-07-04 18:02:26 INFO  LoginPageTest:75 - enter invalid and valid credintials
2019-07-04 18:02:26 INFO  TestBase:50 - loading config.properties
2019-07-04 18:02:26 INFO  LoginPageTest:75 - enter invalid and valid credintials
2019-07-04 18:04:24 INFO  TestBase:50 - loading config.properties
2019-07-04 18:04:24 INFO  LoginPageTest:29 - Initialise the super constructor
2019-07-04 18:11:31 INFO  TestBase:50 - loading config.properties
2019-07-04 18:11:31 INFO  LoginPageTest:29 - Initialise the super constructor
2019-07-04 18:11:35 INFO  TestBase:50 - loading config.properties
2019-07-04 18:11:41 INFO  TestBase:50 - loading config.properties
2019-07-04 18:11:41 INFO  LoginPageTest:43 - Verify the login page Title
2019-07-04 18:11:47 INFO  TestBase:50 - loading config.properties
2019-07-04 18:11:50 INFO  TestBase:50 - loading config.properties
2019-07-04 18:11:50 INFO  LoginPageTest:51 - Verify the logo
2019-07-04 18:11:57 INFO  TestBase:50 - loading config.properties
2019-07-04 18:11:59 INFO  TestBase:50 - loading config.properties
2019-07-04 18:12:00 INFO  TestBase:50 - loading config.properties
2019-07-04 18:18:00 INFO  TestBase:50 - loading config.properties
2019-07-04 18:18:00 INFO  LoginPageTest:29 - Initialise the super constructor
2019-07-04 18:18:30 INFO  TestBase:50 - loading config.properties
2019-07-04 18:18:30 INFO  LoginPageTest:29 - Initialise the super constructor
2019-07-04 18:18:35 INFO  TestBase:50 - loading config.properties
2019-07-04 18:18:41 INFO  TestBase:50 - loading config.properties
2019-07-04 18:18:41 INFO  TestBase:50 - loading config.properties
2019-07-04 18:18:41 INFO  LoginPageTest:75 - enter invalid and valid credintials
2019-07-04 18:18:47 INFO  TestBase:50 - loading config.properties
2019-07-04 18:18:50 INFO  TestBase:50 - loading config.properties
2019-07-04 18:18:50 INFO  TestBase:50 - loading config.properties
2019-07-04 18:18:50 INFO  LoginPageTest:75 - enter invalid and valid credintials
2019-07-08 11:27:10 INFO  TestBase:50 - loading config.properties
2019-07-08 11:27:10 INFO  LoginPageTest:29 - Initialise the super constructor
2019-07-08 11:27:20 INFO  TestBase:50 - loading config.properties
2019-07-08 11:27:24 INFO  TestBase:50 - loading config.properties
2019-07-08 11:48:01 INFO  TestBase:50 - loading config.properties
2019-07-08 11:48:01 INFO  LoginPageTest:31 - Initialise the super constructor
2019-07-08 11:48:05 INFO  TestBase:50 - loading config.properties
2019-07-08 11:48:12 INFO  TestBase:50 - loading config.properties
2019-07-08 11:50:08 INFO  TestBase:50 - loading config.properties
2019-07-08 11:50:08 INFO  LoginPageTest:31 - Initialise the super constructor
2019-07-08 11:50:12 INFO  TestBase:50 - loading config.properties
2019-07-08 11:50:15 INFO  TestBase:50 - loading config.properties
2019-07-08 11:52:14 INFO  TestBase:50 - loading config.properties
2019-07-08 11:52:14 INFO  LoginPageTest:31 - Initialise the super constructor
2019-07-08 11:52:18 INFO  TestBase:50 - loading config.properties
2019-07-08 11:52:21 INFO  TestBase:50 - loading config.properties
2019-07-08 11:54:36 INFO  TestBase:50 - loading config.properties
2019-07-08 11:54:36 INFO  LoginPageTest:31 - Initialise the super constructor
2019-07-08 11:54:40 INFO  TestBase:50 - loading config.properties
2019-07-08 11:54:46 INFO  TestBase:50 - loading config.properties
2019-07-08 11:55:30 INFO  TestBase:50 - loading config.properties
2019-07-08 11:55:30 INFO  LoginPageTest:31 - Initialise the super constructor
2019-07-08 11:55:34 INFO  TestBase:50 - loading config.properties
2019-07-08 11:55:37 INFO  TestBase:50 - loading config.properties
2019-07-08 11:55:52 INFO  TestBase:50 - loading config.properties
2019-07-08 11:55:52 INFO  LoginPageTest:31 - Initialise the super constructor
2019-07-08 11:55:56 INFO  TestBase:50 - loading config.properties
2019-07-08 11:55:59 INFO  TestBase:50 - loading config.properties
2019-07-08 11:55:59 INFO  TestBase:50 - loading config.properties
2019-07-08 11:57:00 INFO  TestBase:50 - loading config.properties
2019-07-08 11:57:00 INFO  LoginPageTest:31 - Initialise the super constructor
2019-07-08 11:57:04 INFO  TestBase:50 - loading config.properties
2019-07-08 11:57:07 INFO  TestBase:50 - loading config.properties
2019-07-08 11:57:08 INFO  TestBase:50 - loading config.properties
2019-07-08 11:58:05 INFO  TestBase:50 - loading config.properties
2019-07-08 11:58:05 INFO  LoginPageTest:31 - Initialise the super constructor
2019-07-08 11:58:09 INFO  TestBase:50 - loading config.properties
2019-07-08 11:58:13 INFO  TestBase:50 - loading config.properties
2019-07-08 11:58:13 INFO  TestBase:50 - loading config.properties
2019-07-08 11:59:39 INFO  TestBase:50 - loading config.properties
2019-07-08 11:59:39 INFO  LoginPageTest:31 - Initialise the super constructor
2019-07-08 11:59:43 INFO  TestBase:50 - loading config.properties
2019-07-08 11:59:45 INFO  TestBase:50 - loading config.properties
2019-07-08 11:59:45 INFO  TestBase:50 - loading config.properties
2019-07-08 12:13:34 INFO  TestBase:50 - loading config.properties
2019-07-08 12:13:34 INFO  LoginPageTest:31 - Initialise the super constructor
2019-07-08 12:13:39 INFO  TestBase:50 - loading config.properties
2019-07-08 12:13:42 INFO  TestBase:50 - loading config.properties
2019-07-08 12:13:42 INFO  TestBase:50 - loading config.properties
2019-07-08 12:14:55 INFO  TestBase:50 - loading config.properties
2019-07-08 12:14:55 INFO  LoginPageTest:31 - Initialise the super constructor
2019-07-08 12:14:59 INFO  TestBase:50 - loading config.properties
2019-07-08 12:15:02 INFO  TestBase:50 - loading config.properties
2019-07-08 12:15:02 INFO  TestBase:50 - loading config.properties
2019-07-08 12:35:56 INFO  TestBase:50 - loading config.properties
2019-07-08 12:35:56 INFO  LoginPageTest:31 - Initialise the super constructor
2019-07-08 12:36:00 INFO  TestBase:50 - loading config.properties
2019-07-08 12:36:02 INFO  TestBase:50 - loading config.properties
2019-07-08 12:36:54 INFO  TestBase:50 - loading config.properties
2019-07-08 12:36:54 INFO  LoginPageTest:31 - Initialise the super constructor
2019-07-08 12:36:58 INFO  TestBase:50 - loading config.properties
2019-07-08 12:37:01 INFO  TestBase:50 - loading config.properties
2019-07-08 12:37:38 INFO  TestBase:50 - loading config.properties
2019-07-08 12:37:38 INFO  LoginPageTest:31 - Initialise the super constructor
2019-07-08 12:37:42 INFO  TestBase:50 - loading config.properties
2019-07-08 12:37:46 INFO  TestBase:50 - loading config.properties
2019-07-08 12:40:01 INFO  TestBase:50 - loading config.properties
2019-07-08 12:40:01 INFO  LoginPageTest:31 - Initialise the super constructor
2019-07-08 12:40:05 INFO  TestBase:50 - loading config.properties
2019-07-08 12:40:10 INFO  TestBase:50 - loading config.properties
2019-07-08 12:43:05 INFO  TestBase:50 - loading config.properties
2019-07-08 12:43:05 INFO  LoginPageTest:31 - Initialise the super constructor
2019-07-08 12:43:09 INFO  TestBase:50 - loading config.properties
2019-07-08 12:43:12 INFO  TestBase:50 - loading config.properties
2019-07-08 12:46:40 INFO  TestBase:50 - loading config.properties
2019-07-08 12:46:40 INFO  LoginPageTest:31 - Initialise the super constructor
2019-07-08 12:46:44 INFO  TestBase:50 - loading config.properties
2019-07-08 12:46:51 INFO  TestBase:50 - loading config.properties
2019-07-08 12:46:51 INFO  LoginPageTest:45 - Verify the login page Title
2019-07-08 12:46:57 INFO  TestBase:50 - loading config.properties
2019-07-08 12:46:59 INFO  TestBase:50 - loading config.properties
2019-07-08 12:47:00 INFO  LoginPageTest:53 - Verify the logo
2019-07-08 12:47:07 INFO  TestBase:50 - loading config.properties
2019-07-08 12:47:09 INFO  TestBase:50 - loading config.properties
2019-07-08 12:47:09 INFO  TestBase:50 - loading config.properties
2019-07-08 12:47:09 INFO  LoginPageTest:79 - Verify login Test with valid username and password
2019-07-08 12:47:18 INFO  TestBase:50 - loading config.properties
2019-07-08 12:47:21 INFO  TestBase:50 - loading config.properties
2019-07-08 12:47:21 INFO  TestBase:50 - loading config.properties
2019-07-08 12:47:21 INFO  LoginPageTest:71 - enter valid credintials
2019-07-08 12:47:28 INFO  TestBase:50 - loading config.properties
2019-07-08 12:47:34 INFO  TestBase:50 - loading config.properties
2019-07-08 12:47:34 INFO  TestBase:50 - loading config.properties
2019-07-08 12:47:34 INFO  LoginPageTest:71 - enter valid credintials
2019-07-08 12:47:45 INFO  TestBase:50 - loading config.properties
2019-07-08 12:47:48 INFO  TestBase:50 - loading config.properties
2019-07-08 12:47:50 INFO  LoginPageTest:88 - enter invalid username credintials
2019-07-08 12:48:00 INFO  TestBase:50 - loading config.properties
2019-07-08 12:48:03 INFO  TestBase:50 - loading config.properties
2019-07-08 12:48:06 INFO  LoginPageTest:96 - enter invalid password credintials
2019-07-08 12:48:14 INFO  TestBase:50 - loading config.properties
2019-07-08 12:48:20 INFO  TestBase:50 - loading config.properties
2019-07-08 12:48:22 INFO  LoginPageTest:103 - enter blank username and password
2019-07-08 12:51:11 INFO  TestBase:50 - loading config.properties
2019-07-08 12:51:11 INFO  LoginPageTest:31 - Initialise the super constructor
2019-07-08 12:51:16 INFO  TestBase:50 - loading config.properties
2019-07-08 12:51:20 INFO  TestBase:50 - loading config.properties
2019-07-08 12:51:20 INFO  LoginPageTest:45 - Verify the login page Title
2019-07-08 12:51:23 INFO  TestBase:50 - loading config.properties
2019-07-08 12:51:26 INFO  TestBase:50 - loading config.properties
2019-07-08 12:51:26 INFO  LoginPageTest:53 - Verify the logo
2019-07-08 12:51:29 INFO  TestBase:50 - loading config.properties
2019-07-08 12:51:32 INFO  TestBase:50 - loading config.properties
2019-07-08 12:51:32 INFO  TestBase:50 - loading config.properties
2019-07-08 12:51:32 INFO  LoginPageTest:79 - Verify login Test with valid username and password
2019-07-08 12:51:36 INFO  TestBase:50 - loading config.properties
2019-07-08 12:51:39 INFO  TestBase:50 - loading config.properties
2019-07-08 12:51:39 INFO  TestBase:50 - loading config.properties
2019-07-08 12:51:39 INFO  LoginPageTest:71 - enter valid credintials
2019-07-08 12:51:43 INFO  TestBase:50 - loading config.properties
2019-07-08 12:51:45 INFO  TestBase:50 - loading config.properties
2019-07-08 12:51:45 INFO  TestBase:50 - loading config.properties
2019-07-08 12:51:45 INFO  LoginPageTest:71 - enter valid credintials
2019-07-08 12:51:49 INFO  TestBase:50 - loading config.properties
2019-07-08 12:51:52 INFO  TestBase:50 - loading config.properties
2019-07-08 12:51:54 INFO  LoginPageTest:88 - enter invalid username credintials
2019-07-08 12:51:57 INFO  TestBase:50 - loading config.properties
2019-07-08 12:51:59 INFO  TestBase:50 - loading config.properties
2019-07-08 12:52:01 INFO  LoginPageTest:96 - enter invalid password credintials
2019-07-08 12:52:05 INFO  TestBase:50 - loading config.properties
2019-07-08 12:52:07 INFO  TestBase:50 - loading config.properties
2019-07-08 12:52:08 INFO  LoginPageTest:103 - enter blank username and password
2019-07-08 12:55:24 INFO  TestBase:50 - loading config.properties
2019-07-08 12:55:24 INFO  LoginPageTest:31 - Initialise the super constructor
2019-07-08 12:55:28 INFO  TestBase:50 - loading config.properties
2019-07-08 12:55:31 INFO  TestBase:50 - loading config.properties
2019-07-08 12:55:31 INFO  LoginPageTest:45 - Verify the login page Title
2019-07-08 12:55:34 INFO  TestBase:50 - loading config.properties
2019-07-08 12:55:37 INFO  TestBase:50 - loading config.properties
2019-07-08 12:55:37 INFO  LoginPageTest:53 - Verify the logo Test
2019-07-08 12:55:40 INFO  TestBase:50 - loading config.properties
2019-07-08 12:55:44 INFO  TestBase:50 - loading config.properties
2019-07-08 12:55:44 INFO  TestBase:50 - loading config.properties
2019-07-08 12:55:44 INFO  LoginPageTest:78 - Verify login Test with valid username and password...
2019-07-08 12:55:49 INFO  TestBase:50 - loading config.properties
2019-07-08 12:55:51 INFO  TestBase:50 - loading config.properties
2019-07-08 12:55:52 INFO  TestBase:50 - loading config.properties
2019-07-08 12:55:52 INFO  LoginPageTest:70 - enter valid credintials through Data Provider...
2019-07-08 12:55:55 INFO  TestBase:50 - loading config.properties
2019-07-08 12:55:58 INFO  TestBase:50 - loading config.properties
2019-07-08 12:55:58 INFO  TestBase:50 - loading config.properties
2019-07-08 12:55:58 INFO  LoginPageTest:70 - enter valid credintials through Data Provider...
2019-07-08 12:56:02 INFO  TestBase:50 - loading config.properties
2019-07-08 12:56:04 INFO  TestBase:50 - loading config.properties
2019-07-08 12:56:05 INFO  LoginPageTest:87 - enter invalid username...
2019-07-08 12:56:08 INFO  TestBase:50 - loading config.properties
2019-07-08 12:56:15 INFO  TestBase:50 - loading config.properties
2019-07-08 12:56:16 INFO  LoginPageTest:95 - enter invalid password...
2019-07-08 12:56:19 INFO  TestBase:50 - loading config.properties
2019-07-08 12:56:22 INFO  TestBase:50 - loading config.properties
2019-07-08 12:56:23 INFO  LoginPageTest:102 - enter blank username and password...
2019-07-15 04:14:37 INFO  LoginPageTest:31 - Initialise the super constructor
2019-07-15 04:17:51 INFO  LoginPageTest:31 - Initialise the super constructor
2019-07-15 04:19:24 INFO  TestBase:50 - loading config.properties
2019-07-15 04:19:24 INFO  LoginPageTest:31 - Initialise the super constructor
2019-07-15 04:23:27 INFO  TestBase:50 - loading config.properties
2019-07-15 04:23:27 INFO  LoginPageTest:31 - Initialise the super constructor
2019-07-15 04:24:00 INFO  TestBase:50 - loading config.properties
2019-07-15 04:24:00 INFO  LoginPageTest:31 - Initialise the super constructor
2019-07-15 04:24:38 INFO  TestBase:50 - loading config.properties
2019-07-15 04:24:38 INFO  LoginPageTest:31 - Initialise the super constructor
2019-07-15 04:24:44 INFO  TestBase:50 - loading config.properties
2019-07-15 04:24:47 INFO  TestBase:50 - loading config.properties
2019-07-15 04:24:47 INFO  LoginPageTest:45 - Verify the login page Title
2019-07-15 04:25:12 INFO  TestBase:50 - loading config.properties
2019-07-15 04:25:12 INFO  LoginPageTest:31 - Initialise the super constructor
2019-07-15 04:25:15 INFO  TestBase:50 - loading config.properties
2019-07-15 04:25:18 INFO  TestBase:50 - loading config.properties
2019-07-15 04:25:18 INFO  LoginPageTest:45 - Verify the login page Title
2019-07-15 04:25:20 INFO  TestBase:50 - loading config.properties
2019-07-15 04:25:23 INFO  TestBase:50 - loading config.properties
2019-07-15 04:25:23 INFO  LoginPageTest:53 - Verify the logo Test
2019-07-15 04:25:26 INFO  TestBase:50 - loading config.properties
2019-07-15 04:25:28 INFO  TestBase:50 - loading config.properties
2019-07-15 04:25:28 INFO  TestBase:50 - loading config.properties
2019-07-15 04:25:28 INFO  LoginPageTest:78 - Verify login Test with valid username and password...
2019-07-15 04:25:31 INFO  TestBase:50 - loading config.properties
2019-07-15 04:25:34 INFO  TestBase:50 - loading config.properties
2019-07-15 04:25:34 INFO  LoginPageTest:87 - enter invalid username...
2019-07-15 04:25:37 INFO  TestBase:50 - loading config.properties
2019-07-15 04:25:39 INFO  TestBase:50 - loading config.properties
2019-07-15 04:25:40 INFO  LoginPageTest:95 - enter invalid password...
2019-07-15 04:25:43 INFO  TestBase:50 - loading config.properties
2019-07-15 04:25:46 INFO  TestBase:50 - loading config.properties
2019-07-15 04:25:46 INFO  LoginPageTest:102 - enter blank username and password...
2019-07-15 04:29:37 INFO  TestBase:50 - loading config.properties
2019-07-15 04:29:37 INFO  LoginPageTest:31 - Initialise the super constructor
2019-07-15 04:29:42 INFO  TestBase:50 - loading config.properties
2019-07-15 04:29:46 INFO  TestBase:50 - loading config.properties
2019-07-15 04:29:46 INFO  TestBase:50 - loading config.properties
2019-07-15 04:29:46 INFO  LoginPageTest:70 - enter valid credintials through Data Provider...
2019-07-15 04:29:49 INFO  TestBase:50 - loading config.properties
2019-07-15 04:29:52 INFO  TestBase:50 - loading config.properties
2019-07-15 04:29:52 INFO  TestBase:50 - loading config.properties
2019-07-15 04:29:52 INFO  LoginPageTest:70 - enter valid credintials through Data Provider...
2019-07-15 17:02:14 INFO  TestBase:50 - loading config.properties
2019-07-15 17:02:14 INFO  LoginPageTest:31 - Initialise the super constructor
2019-07-15 17:02:17 INFO  TestBase:50 - loading config.properties
2019-07-15 17:02:20 INFO  TestBase:50 - loading config.properties
2019-07-15 17:02:20 INFO  LoginPageTest:45 - Verify the login page Title
2019-07-15 17:02:23 INFO  TestBase:50 - loading config.properties
2019-07-15 17:02:25 INFO  TestBase:50 - loading config.properties
2019-07-15 17:02:26 INFO  LoginPageTest:53 - Verify the logo Test
2019-07-15 17:02:28 INFO  TestBase:50 - loading config.properties
2019-07-15 17:02:31 INFO  TestBase:50 - loading config.properties
2019-07-15 17:02:31 INFO  TestBase:50 - loading config.properties
2019-07-15 17:02:31 INFO  LoginPageTest:78 - Verify login Test with valid username and password...
2019-07-15 17:02:35 INFO  TestBase:50 - loading config.properties
2019-07-15 17:02:37 INFO  TestBase:50 - loading config.properties
2019-07-15 17:02:37 INFO  TestBase:50 - loading config.properties
2019-07-15 17:02:37 INFO  LoginPageTest:70 - enter valid credintials through Data Provider...
2019-07-15 17:02:40 INFO  TestBase:50 - loading config.properties
2019-07-15 17:02:44 INFO  TestBase:50 - loading config.properties
2019-07-15 17:02:44 INFO  TestBase:50 - loading config.properties
2019-07-15 17:02:44 INFO  LoginPageTest:70 - enter valid credintials through Data Provider...
2019-07-15 17:02:47 INFO  TestBase:50 - loading config.properties
2019-07-15 17:02:50 INFO  TestBase:50 - loading config.properties
2019-07-15 17:02:53 INFO  LoginPageTest:87 - enter invalid username...
2019-07-15 17:02:56 INFO  TestBase:50 - loading config.properties
2019-07-15 17:03:02 INFO  TestBase:50 - loading config.properties
2019-07-15 17:03:09 INFO  LoginPageTest:95 - enter invalid password...
2019-07-15 17:03:11 INFO  TestBase:50 - loading config.properties
2019-07-15 17:03:14 INFO  TestBase:50 - loading config.properties
2019-07-15 17:03:15 INFO  LoginPageTest:102 - enter blank username and password...
2019-07-15 17:19:32 INFO  TestBase:50 - loading config.properties
2019-07-15 17:19:32 INFO  LoginPageTest:31 - Initialise the super constructor
2019-07-15 17:19:35 INFO  TestBase:50 - loading config.properties
2019-07-15 17:19:40 INFO  TestBase:50 - loading config.properties
2019-07-15 17:19:40 INFO  LoginPageTest:45 - Verify the login page Title
2019-07-15 17:19:43 INFO  TestBase:50 - loading config.properties
2019-07-15 17:19:47 INFO  TestBase:50 - loading config.properties
2019-07-15 17:19:47 INFO  LoginPageTest:53 - Verify the logo Test
2019-07-15 17:19:50 INFO  TestBase:50 - loading config.properties
2019-07-15 17:19:53 INFO  TestBase:50 - loading config.properties
2019-07-15 17:19:53 INFO  TestBase:50 - loading config.properties
2019-07-15 17:19:53 INFO  LoginPageTest:78 - Verify login Test with valid username and password...
2019-07-15 17:19:57 INFO  TestBase:50 - loading config.properties
2019-07-15 17:20:00 INFO  TestBase:50 - loading config.properties
2019-07-15 17:20:00 INFO  TestBase:50 - loading config.properties
2019-07-15 17:20:00 INFO  LoginPageTest:70 - enter valid credintials through Data Provider...
2019-07-15 17:20:03 INFO  TestBase:50 - loading config.properties
2019-07-15 17:20:07 INFO  TestBase:50 - loading config.properties
2019-07-15 17:20:07 INFO  TestBase:50 - loading config.properties
2019-07-15 17:20:07 INFO  LoginPageTest:70 - enter valid credintials through Data Provider...
2019-07-15 17:20:10 INFO  TestBase:50 - loading config.properties
2019-07-15 17:20:13 INFO  TestBase:50 - loading config.properties
2019-07-15 17:20:15 INFO  LoginPageTest:87 - enter invalid username...
2019-07-15 17:20:17 INFO  TestBase:50 - loading config.properties
2019-07-15 17:20:20 INFO  TestBase:50 - loading config.properties
2019-07-15 17:20:22 INFO  LoginPageTest:95 - enter invalid password...
2019-07-15 17:20:25 INFO  TestBase:50 - loading config.properties
2019-07-15 17:20:28 INFO  TestBase:50 - loading config.properties
2019-07-15 17:20:29 INFO  LoginPageTest:102 - enter blank username and password...
